\BOOKMARK [0][-]{chapter*.4}{\376\377\151\202\211\201}{}% 1
\BOOKMARK [0][-]{chapter.1}{\376\377\136\217\212\326}{}% 2
\BOOKMARK [1][-]{section.1.1}{\376\377\122\325\152\137}{chapter.1}% 3
\BOOKMARK [1][-]{section.1.2}{\376\377\125\117\230\114}{chapter.1}% 4
\BOOKMARK [1][-]{section.1.3}{\376\377\147\054\170\024\172\166\060\156\060\242\060\327\060\355\060\374\060\301}{chapter.1}% 5
\BOOKMARK [1][-]{section.1.4}{\376\377\116\073\211\201\060\152\175\120\147\234\060\156\211\201\175\004}{chapter.1}% 6
\BOOKMARK [1][-]{section.1.5}{\376\377\214\242\163\056}{chapter.1}% 7
\BOOKMARK [0][-]{chapter.2}{\376\377\122\066\136\246\200\314\146\157}{}% 8
\BOOKMARK [1][-]{section.2.1}{\376\377\145\345\147\054\060\156\123\073\166\102\122\066\136\246\060\150\060\325\060\352\060\374\060\242\060\257\060\273\060\271}{chapter.2}% 9
\BOOKMARK [1][-]{section.2.2}{\376\377\220\170\133\232\166\102\231\012\214\273\122\066\136\246\060\156\131\011\220\167}{chapter.2}% 10
\BOOKMARK [1][-]{section.2.3}{\376\377\164\006\212\326\166\204\147\240\175\104\060\177\060\150\116\356\212\254}{chapter.2}% 11
\BOOKMARK [0][-]{chapter.3}{\376\377\121\110\210\114\170\024\172\166\377\010\000L\000i\000t\000e\000r\000a\000t\000u\000r\000e\000\040\000R\000e\000v\000i\000e\000w\377\011}{}% 12
\BOOKMARK [1][-]{section.3.1}{\376\377\123\073\166\102\227\000\211\201\060\156\117\241\150\074\137\076\122\233\140\047\060\153\225\242\060\131\060\213\170\024\172\166}{chapter.3}% 13
\BOOKMARK [1][-]{section.3.2}{\376\377\145\345\147\054\060\156\220\170\133\232\166\102\231\012\214\273\060\153\225\242\060\131\060\213\170\024\172\166}{chapter.3}% 14
\BOOKMARK [0][-]{chapter.4}{\376\377\060\307\060\374\060\277}{}% 15
\BOOKMARK [1][-]{section.4.1}{\376\377\060\307\060\374\060\277\060\275\060\374\060\271}{chapter.4}% 16
\BOOKMARK [1][-]{section.4.2}{\376\377\060\265\060\363\060\327\060\353\151\313\173\311}{chapter.4}% 17
\BOOKMARK [1][-]{section.4.3}{\376\377\131\011\145\160\133\232\177\251}{chapter.4}% 18
\BOOKMARK [1][-]{section.4.4}{\376\377\212\030\217\360\175\161\212\010}{chapter.4}% 19
\BOOKMARK [0][-]{chapter.5}{\376\377\133\237\212\074\142\046\165\145}{}% 20
\BOOKMARK [1][-]{section.5.1}{\376\377\000D\000I\000D}{chapter.5}% 21
\BOOKMARK [1][-]{section.5.2}{\376\377\060\244\060\331\060\363\060\310\060\271\060\277\060\307\060\243}{chapter.5}% 22
\BOOKMARK [1][-]{section.5.3}{\376\377\213\130\122\045\060\156\116\356\133\232}{chapter.5}% 23
\BOOKMARK [0][-]{chapter.6}{\376\377\122\006\147\220\175\120\147\234}{}% 24
\BOOKMARK [1][-]{section.6.1}{\376\377\060\244\060\331\060\363\060\310\060\271\060\277\060\307\060\243\175\120\147\234}{chapter.6}% 25
\BOOKMARK [1][-]{section.6.2}{\376\377\000D\000I\000D\175\120\147\234}{chapter.6}% 26
\BOOKMARK [1][-]{section.6.3}{\376\377\165\160\214\352\140\047\122\006\147\220\377\010\000H\000e\000t\000e\000r\000o\000g\000e\000n\000e\000i\000t\000y\377\011}{chapter.6}% 27
\BOOKMARK [1][-]{section.6.4}{\376\377\060\355\060\320\060\271\060\310\060\315\060\271\060\301\060\247\060\303\060\257}{chapter.6}% 28
\BOOKMARK [0][-]{chapter.7}{\376\377\200\003\133\337}{}% 29
\BOOKMARK [1][-]{section.7.1}{\376\377\060\341\060\253\060\313\060\272\060\340\060\156\211\343\221\310}{chapter.7}% 30
\BOOKMARK [1][-]{section.7.2}{\376\377\145\077\173\126\166\204\124\053\141\017}{chapter.7}% 31
\BOOKMARK [1][-]{section.7.3}{\376\377\226\120\165\114}{chapter.7}% 32
\BOOKMARK [0][-]{chapter.8}{\376\377\175\120\212\326}{}% 33
\BOOKMARK [0][-]{appendix.A}{\376\377\210\150\060\373\126\363\060\156\210\334\215\263}{}% 34
\BOOKMARK [1][-]{section.A.1}{\376\377\060\244\060\331\060\363\060\310\060\271\060\277\060\307\060\243\117\302\145\160\210\150\060\001\060\327\060\354\060\310\060\354\060\363\060\311\000F\000-\000t\000e\000s\000t}{appendix.A}% 35
\BOOKMARK [0][-]{appendix.B}{\376\377\060\355\060\320\060\271\060\310\060\315\060\271\060\301\060\247\060\303\060\257}{}% 36
\BOOKMARK [0][-]{appendix.C}{\376\377\117\177\165\050\060\307\060\374\060\277\060\373\060\263\060\374\060\311\116\000\211\247}{}% 37
\BOOKMARK [0][-]{appendix*.5}{\376\377\123\302\200\003\145\207\163\056}{}% 38
