\BOOKMARK [1][-]{section.1}{\376\377\134\016\121\145\377\010\060\277\060\244\060\310\060\353\060\373\121\150\117\123\120\317\377\011}{}% 1
\BOOKMARK [1][-]{section.2}{\376\377\060\265\060\336\060\352\060\374}{}% 2
\BOOKMARK [1][-]{section.3}{\376\377\060\342\060\301\060\331\060\374\060\267\060\347\060\363}{}% 3
\BOOKMARK [2][-]{subsection.3.1}{\376\377\060\325\060\352\060\374\060\242\060\257\060\273\060\271\060\150\123\073\166\102\214\307\156\220\060\156\227\136\122\271\163\207}{section.3}% 4
\BOOKMARK [2][-]{subsection.3.2}{\376\377\220\170\133\232\166\102\231\012\214\273\122\066\136\246\377\010\0002\0000\0001\0006\136\164\040\023\377\011\060\150\0002\0000\0002\0002\136\164\0001\0000\147\010\145\071\133\232\060\156\117\115\177\156\060\145\060\121}{section.3}% 5
\BOOKMARK [2][-]{subsection.3.3}{\376\377\140\305\130\061\060\156\227\136\133\376\171\360\140\047\060\150\145\077\173\126\122\271\147\234\060\156\227\136\201\352\146\016\140\047}{section.3}% 6
\BOOKMARK [2][-]{subsection.3.4}{\376\377\060\352\060\265\060\374\060\301\060\257\060\250\060\271\060\301\060\347\060\363}{section.3}% 7
\BOOKMARK [1][-]{section.4}{\376\377\121\110\210\114\170\024\172\166\377\010\117\115\177\156\060\145\060\121\377\011}{}% 8
\BOOKMARK [1][-]{section.5}{\376\377\060\307\060\374\060\277}{}% 9
\BOOKMARK [1][-]{section.6}{\376\377\142\113\154\325}{}% 10
\BOOKMARK [2][-]{subsection.6.1}{\376\377\133\237\212\074\142\046\165\145\060\156\151\202\211\201}{section.6}% 11
\BOOKMARK [2][-]{subsection.6.2}{\376\377\121\346\177\156\177\244\060\373\133\376\161\147\177\244\060\156\133\232\177\251}{section.6}% 12
\BOOKMARK [2][-]{subsection.6.3}{\376\377\000T\000W\000F\000E\000\040\000D\000I\000D}{section.6}% 13
\BOOKMARK [2][-]{subsection.6.4}{\376\377\060\244\060\331\060\363\060\310\060\271\060\277\060\307\060\243}{section.6}% 14
\BOOKMARK [1][-]{section.7}{\376\377\175\120\147\234}{}% 15
\BOOKMARK [2][-]{subsection.7.1}{\376\377\000D\000I\000D\377\032\136\163\127\107\121\346\177\156\122\271\147\234\377\010\000A\000T\000T\377\011}{section.7}% 16
\BOOKMARK [2][-]{subsection.7.2}{\376\377\060\244\060\331\060\363\060\310\060\271\060\277\060\307\060\243\377\032\122\325\133\146\166\204\121\346\177\156\122\271\147\234}{section.7}% 17
\BOOKMARK [2][-]{subsection.7.3}{\376\377\165\160\214\352\140\047\122\006\147\220\377\010\212\072\166\102\171\321\145\160\000\040\000\040\175\317\131\026\147\145\116\366\145\160\377\011}{section.7}% 18
\BOOKMARK [1][-]{section.8}{\376\377\211\343\221\310}{}% 19
\BOOKMARK [2][-]{subsection.8.1}{\376\377\122\035\212\072\131\026\147\145\116\366\145\160\060\170\060\156\122\271\147\234}{section.8}% 20
\BOOKMARK [2][-]{subsection.8.2}{\376\377\121\215\212\072\131\026\147\145\116\366\145\160\060\373\175\317\131\026\147\145\116\366\145\160\060\170\060\156\122\271\147\234}{section.8}% 21
\BOOKMARK [2][-]{subsection.8.3}{\376\377\165\160\214\352\140\047\060\156\211\343\221\310}{section.8}% 22
\BOOKMARK [1][-]{section.9}{\376\377\175\120\212\326}{}% 23
\BOOKMARK [2][-]{subsection.9.1}{\376\377\122\006\147\220\175\120\147\234\060\156\211\201\160\271}{section.9}% 24
\BOOKMARK [2][-]{subsection.9.2}{\376\377\145\077\173\126\166\204\124\053\141\017}{section.9}% 25
\BOOKMARK [1][-]{section.10}{\376\377\226\120\165\114\060\150\116\312\137\214\060\156\212\262\230\114}{}% 26
\BOOKMARK [2][-]{subsection.10.1}{\376\377\123\124\117\032\060\121\060\223\060\175\060\307\060\374\060\277\060\153\165\061\147\145\060\131\060\213\226\120\165\114}{section.10}% 27
\BOOKMARK [2][-]{subsection.10.2}{\376\377\136\163\210\114\060\310\060\354\060\363\060\311\060\150\117\356\153\143\122\006\147\220\150\110}{section.10}% 28
