This is XeTeX, Version 3.141592653-2.6-0.999997 (TeX Live 2025) (preloaded format=xelatex 2025.4.13)  18 JAN 2026 16:49
entering extended mode
 restricted \write18 enabled.
 %&-line parsing enabled.
**slide.tex
(/usr/local/texlive/2025/texmf-dist/tex/latex/tools/x.tex
LaTeX2e <2024-11-01> patch level 2
L3 programming layer <2025-01-18>

! .
l.38   \batchmode \errmessage{}
                               \csname @@end\endcsname \end
This error message was generated by an \errmessage
command, so I can't give any explicit help.
Pretend that you're Hercule Poirot: Examine all clues,
and deduce the truth by order and method.

 ) 
Here is how much of TeX's memory you used:
 16 strings out of 473832
 391 string characters out of 5729481
 386380 words of memory out of 5000000
 23180 multiletter control sequences out of 15000+600000
 558837 words of font info for 36 fonts, out of 8000000 for 9000
 1348 hyphenation exceptions out of 8191
 11i,0n,13p,89b,8s stack positions out of 10000i,1000n,20000p,200000b,200000s

No pages of output.
